Starting ChromeDriver 80.0.3987.16 (320f6526c1632ad4f205ebce69b99a062ed78647-refs/branch-heads/3987@{#185}) on port 9515
Only local connections are allowed.
Please protect ports used by ChromeDriver and related test frameworks to prevent access by malicious code.
[1585480847.903][WARNING]: Timed out connecting to Chrome, retrying...
[1585480850.639][SEVERE]: Timed out receiving message from renderer: 0.100
[1585480850.753][SEVERE]: Timed out receiving message from renderer: 0.100
[1585480850.871][SEVERE]: Timed out receiving message from renderer: 0.100
[1585480850.976][SEVERE]: Timed out receiving message from renderer: 0.100
[1585480851.081][SEVERE]: Timed out receiving message from renderer: 0.100
[1585480851.182][SEVERE]: Timed out receiving message from renderer: 0.100
[1585480851.284][SEVERE]: Timed out receiving message from renderer: 0.100
[1585480851.386][SEVERE]: Timed out receiving message from renderer: 0.100
[1585480851.487][SEVERE]: Timed out receiving message from renderer: 0.100
[1585480851.619][SEVERE]: Timed out receiving message from renderer: 0.100
[1585480851.757][SEVERE]: Timed out receiving message from renderer: 0.100
[1585480851.889][SEVERE]: Timed out receiving message from renderer: 0.100
[1585480852.007][SEVERE]: Timed out receiving message from renderer: 0.100
[1585480852.109][SEVERE]: Timed out receiving message from renderer: 0.100
[1585480852.212][SEVERE]: Timed out receiving message from renderer: 0.100
[1585480852.314][SEVERE]: Timed out receiving message from renderer: 0.100
[1585480852.418][SEVERE]: Timed out receiving message from renderer: 0.100
[1585480852.521][SEVERE]: Timed out receiving message from renderer: 0.100
[1585480852.623][SEVERE]: Timed out receiving message from renderer: 0.100
[1585480852.727][SEVERE]: Timed out receiving message from renderer: 0.100
[1585480852.831][SEVERE]: Timed out receiving message from renderer: 0.100
[1585480852.933][SEVERE]: Timed out receiving message from renderer: 0.100
[1585480853.036][SEVERE]: Timed out receiving message from renderer: 0.100
[1585480853.137][SEVERE]: Timed out receiving message from renderer: 0.100
[1585480853.240][SEVERE]: Timed out receiving message from renderer: 0.100
[1585480853.341][SEVERE]: Timed out receiving message from renderer: 0.100
[1585480853.451][SEVERE]: Timed out receiving message from renderer: 0.100
[1585480853.553][SEVERE]: Timed out receiving message from renderer: 0.100
[1585480853.656][SEVERE]: Timed out receiving message from renderer: 0.100
[1585480853.770][SEVERE]: Timed out receiving message from renderer: 0.100
[1585480853.916][SEVERE]: Timed out receiving message from renderer: 0.100
[1585480854.051][SEVERE]: Timed out receiving message from renderer: 0.100
[1585480854.157][SEVERE]: Timed out receiving message from renderer: 0.100
[1585480854.573][SEVERE]: Timed out receiving message from renderer: 0.100
[1585480854.692][SEVERE]: Timed out receiving message from renderer: 0.100
[1585480854.803][SEVERE]: Timed out receiving message from renderer: 0.100
[1585480854.905][SEVERE]: Timed out receiving message from renderer: 0.100
[1585480855.009][SEVERE]: Timed out receiving message from renderer: 0.100
[1585480855.118][SEVERE]: Timed out receiving message from renderer: 0.100
[1585480855.221][SEVERE]: Timed out receiving message from renderer: 0.100
[1585480855.334][SEVERE]: Timed out receiving message from renderer: 0.100
[1585480855.759][SEVERE]: Timed out receiving message from renderer: 0.100
[1585480855.864][SEVERE]: Timed out receiving message from renderer: 0.100
[1585480855.966][SEVERE]: Timed out receiving message from renderer: 0.100
[1585480856.068][SEVERE]: Timed out receiving message from renderer: 0.100
[1585480856.170][SEVERE]: Timed out receiving message from renderer: 0.100
[1585480856.271][SEVERE]: Timed out receiving message from renderer: 0.100
[1585480856.373][SEVERE]: Timed out receiving message from renderer: 0.100
[1585480856.475][SEVERE]: Timed out receiving message from renderer: 0.100
[1585480856.581][SEVERE]: Timed out receiving message from renderer: 0.100
[1585480858.439][SEVERE]: Timed out receiving message from renderer: 0.100
[1585480858.622][SEVERE]: Timed out receiving message from renderer: 0.100
[1585480860.618][SEVERE]: Timed out receiving message from renderer: 0.100
[1585480860.765][SEVERE]: Timed out receiving message from renderer: 0.100
